2026-01-16 10:21:14 [http-nio-8003-exec-7] INFO  c.e.b.c.ProprietaireController - Requête pour récupérer le propriétaire avec userId=6
2026-01-16 10:21:14 [http-nio-8003-exec-6] INFO  c.e.b.controllers.AnnonceController - Récupération des annonces du propriétaire ID=2
2026-01-16 10:21:14 [http-nio-8003-exec-6] INFO  c.e.b.s.i.AnnonceService - Récupération annonces pour Propriétaire ID: 2
2026-01-16 10:21:14 [http-nio-8003-exec-10] INFO  c.e.b.controllers.AvisController - Récupération des avis pour le propriétaire id=2
2026-01-16 10:21:14 [http-nio-8003-exec-10] INFO  c.e.b.s.implementations.AvisService - Récupération des avis pour le propriétaire (id=2)
2026-01-16 10:21:14 [http-nio-8003-exec-10] INFO  c.e.b.s.implementations.AvisService - Nombre d'avis trouvés pour le propriétaire 2 : 0
2026-01-16 10:21:14 [http-nio-8003-exec-6] INFO  c.e.b.s.i.AnnonceService - Nombre d'annonces trouvées pour ce propriétaire: 5
2026-01-16 10:21:14 [http-nio-8003-exec-6] INFO  c.e.b.controllers.AnnonceController - 5 annonces récupérées pour le propriétaire ID=2
2026-01-16 10:21:20 [http-nio-8003-exec-9] INFO  c.e.b.controllers.AnnonceController - Récupération des villes disponibles
2026-01-16 10:21:20 [http-nio-8003-exec-4] INFO  c.e.b.controllers.AnnonceController - Récupération des top annonces
2026-01-16 10:21:20 [http-nio-8003-exec-9] INFO  c.e.b.s.i.AnnonceService - Récupération des villes disponibles
2026-01-16 10:21:20 [http-nio-8003-exec-4] INFO  c.e.b.s.i.AnnonceService - Récupération des Top Annonces
2026-01-16 10:21:20 [http-nio-8003-exec-9] INFO  c.e.b.controllers.AnnonceController - 1 villes trouvées
2026-01-16 10:21:20 [http-nio-8003-exec-4] INFO  c.e.b.controllers.AnnonceController - 3 top annonces récupérées
2026-01-16 10:21:20 [http-nio-8003-exec-5] INFO  c.e.b.c.FileUploadController - Récupération de l'image: b567ddfc-cef3-4c92-a681-90e266ac998a_1768480224376.jpeg
2026-01-16 10:21:20 [http-nio-8003-exec-5] INFO  c.e.b.c.FileUploadController - Image servie avec succès: b567ddfc-cef3-4c92-a681-90e266ac998a_1768480224376.jpeg
2026-01-16 10:21:20 [http-nio-8003-exec-7] INFO  c.e.b.c.FileUploadController - Récupération de l'image: c9ce76a7-560b-4734-bb7e-8b246d608007_1768480269948.jpg
2026-01-16 10:21:20 [http-nio-8003-exec-7] INFO  c.e.b.c.FileUploadController - Image servie avec succès: c9ce76a7-560b-4734-bb7e-8b246d608007_1768480269948.jpg
2026-01-16 10:21:20 [http-nio-8003-exec-2] INFO  c.e.b.c.FileUploadController - Récupération de l'image: ad4f3d71-07f1-4fdc-9fe0-87228bb2854d_1768471658191.jpeg
2026-01-16 10:21:20 [http-nio-8003-exec-2] INFO  c.e.b.c.FileUploadController - Image servie avec succès: ad4f3d71-07f1-4fdc-9fe0-87228bb2854d_1768471658191.jpeg
2026-01-16 19:51:48 [main] INFO  c.example.backend.BackendApplication - Starting BackendApplication using Java 23.0.1 with PID 12976 (A:\mboaspot\backend\target\classes started by Wulfrid MBONGO in A:\mboaspot\backend)
2026-01-16 19:51:48 [main] INFO  c.example.backend.BackendApplication - The following 1 profile is active: "dev"
2026-01-16 19:52:12 [main] INFO  c.example.backend.BackendApplication - Starting BackendApplication using Java 23.0.1 with PID 1816 (A:\mboaspot\backend\target\classes started by Wulfrid MBONGO in A:\mboaspot\backend)
2026-01-16 19:52:12 [main] INFO  c.example.backend.BackendApplication - The following 1 profile is active: "dev"
2026-01-16 19:52:58 [main] INFO  c.example.backend.BackendApplication - Starting BackendApplication using Java 23.0.1 with PID 7224 (A:\mboaspot\backend\target\classes started by Wulfrid MBONGO in A:\mboaspot\backend)
2026-01-16 19:52:58 [main] INFO  c.example.backend.BackendApplication - The following 1 profile is active: "dev"
2026-01-16 19:53:09 [main] INFO  c.example.backend.BackendApplication - Started BackendApplication in 12.151 seconds (process running for 13.047)
2026-01-16 19:53:52 [http-nio-8003-exec-2] INFO  c.e.b.controllers.AnnonceController - Récupération des top annonces
2026-01-16 19:53:52 [http-nio-8003-exec-1] INFO  c.e.b.controllers.AnnonceController - Récupération des villes disponibles
2026-01-16 19:53:52 [http-nio-8003-exec-1] INFO  c.e.b.s.i.AnnonceService - Récupération des villes disponibles
2026-01-16 19:53:52 [http-nio-8003-exec-2] INFO  c.e.b.s.i.AnnonceService - Récupération des Top Annonces
2026-01-16 19:53:52 [http-nio-8003-exec-1] INFO  c.e.b.controllers.AnnonceController - 1 villes trouvées
2026-01-16 19:53:52 [http-nio-8003-exec-2] INFO  c.e.b.controllers.AnnonceController - 3 top annonces récupérées
2026-01-16 19:53:53 [http-nio-8003-exec-3] INFO  c.e.b.c.FileUploadController - Récupération de l'image: b567ddfc-cef3-4c92-a681-90e266ac998a_1768480224376.jpeg
2026-01-16 19:53:53 [http-nio-8003-exec-4] INFO  c.e.b.c.FileUploadController - Récupération de l'image: c9ce76a7-560b-4734-bb7e-8b246d608007_1768480269948.jpg
2026-01-16 19:53:53 [http-nio-8003-exec-5] INFO  c.e.b.c.FileUploadController - Récupération de l'image: ad4f3d71-07f1-4fdc-9fe0-87228bb2854d_1768471658191.jpeg
2026-01-16 19:53:53 [http-nio-8003-exec-3] INFO  c.e.b.c.FileUploadController - Image servie avec succès: b567ddfc-cef3-4c92-a681-90e266ac998a_1768480224376.jpeg
2026-01-16 19:53:53 [http-nio-8003-exec-4] INFO  c.e.b.c.FileUploadController - Image servie avec succès: c9ce76a7-560b-4734-bb7e-8b246d608007_1768480269948.jpg
2026-01-16 19:53:53 [http-nio-8003-exec-5] INFO  c.e.b.c.FileUploadController - Image servie avec succès: ad4f3d71-07f1-4fdc-9fe0-87228bb2854d_1768471658191.jpeg
2026-01-16 19:53:58 [http-nio-8003-exec-1] INFO  c.e.b.c.FileUploadController - Récupération de l'image: ad4f3d71-07f1-4fdc-9fe0-87228bb2854d_1768471658191.jpeg
2026-01-16 19:53:58 [http-nio-8003-exec-1] INFO  c.e.b.c.FileUploadController - Image servie avec succès: ad4f3d71-07f1-4fdc-9fe0-87228bb2854d_1768471658191.jpeg
2026-01-16 19:54:00 [http-nio-8003-exec-2] INFO  c.e.b.c.FileUploadController - Récupération de l'image: c9ce76a7-560b-4734-bb7e-8b246d608007_1768480269948.jpg
2026-01-16 19:54:00 [http-nio-8003-exec-2] INFO  c.e.b.c.FileUploadController - Image servie avec succès: c9ce76a7-560b-4734-bb7e-8b246d608007_1768480269948.jpg
2026-01-16 19:58:46 [http-nio-8003-exec-2] INFO  c.e.b.controllers.AuthController - Tentative de login pour email=proprio@gmail.com
2026-01-16 19:58:46 [http-nio-8003-exec-2] INFO  c.e.b.s.implementations.AuthService - Tentative de connexion avec email=proprio@gmail.com
2026-01-16 19:58:46 [http-nio-8003-exec-2] INFO  c.e.b.s.implementations.AuthService - Connexion réussie userId=6 role=PROPRIETAIRE
2026-01-16 19:58:46 [http-nio-8003-exec-2] INFO  c.e.b.controllers.AuthController - Login réussi pour email=proprio@gmail.com
2026-01-16 19:58:46 [http-nio-8003-exec-4] INFO  c.e.b.c.ProprietaireController - Requête pour récupérer le propriétaire avec userId=6
2026-01-16 19:58:46 [http-nio-8003-exec-1] INFO  c.e.b.controllers.AvisController - Récupération des avis pour le propriétaire id=2
2026-01-16 19:58:46 [http-nio-8003-exec-1] INFO  c.e.b.s.implementations.AvisService - Récupération des avis pour le propriétaire (id=2)
2026-01-16 19:58:46 [http-nio-8003-exec-10] INFO  c.e.b.controllers.AnnonceController - Récupération des annonces du propriétaire ID=2
2026-01-16 19:58:46 [http-nio-8003-exec-10] INFO  c.e.b.s.i.AnnonceService - Récupération annonces pour Propriétaire ID: 2
2026-01-16 19:58:46 [http-nio-8003-exec-1] INFO  c.e.b.s.implementations.AvisService - Nombre d'avis trouvés pour le propriétaire 2 : 0
2026-01-16 19:58:46 [http-nio-8003-exec-10] INFO  c.e.b.s.i.AnnonceService - Nombre d'annonces trouvées pour ce propriétaire: 5
2026-01-16 19:58:46 [http-nio-8003-exec-10] INFO  c.e.b.controllers.AnnonceController - 5 annonces récupérées pour le propriétaire ID=2
2026-01-16 19:58:50 [http-nio-8003-exec-3] INFO  c.e.b.c.ReservationController - Récupération des réservations pour le propriétaire ID : 6
2026-01-16 19:58:50 [http-nio-8003-exec-3] INFO  c.e.b.s.i.ReservationService - Récupération des réservations du propriétaire userId=6
2026-01-16 19:58:50 [http-nio-8003-exec-3] INFO  c.e.b.c.ReservationController - Nombre de réservations trouvées : 5
2026-01-16 20:09:38 [main] INFO  c.example.backend.BackendApplication - Starting BackendApplication using Java 23.0.1 with PID 28064 (A:\mboaspot\backend\target\classes started by Wulfrid MBONGO in A:\mboaspot\backend)
2026-01-16 20:09:38 [main] INFO  c.example.backend.BackendApplication - The following 1 profile is active: "dev"
2026-01-16 20:09:50 [main] INFO  c.example.backend.BackendApplication - Started BackendApplication in 12.191 seconds (process running for 13.21)
2026-01-16 20:10:05 [http-nio-8003-exec-3] INFO  c.e.b.c.ReservationController - Récupération des réservations pour le propriétaire ID : 6
2026-01-16 20:10:05 [http-nio-8003-exec-3] INFO  c.e.b.s.i.ReservationService - Récupération des réservations du propriétaire userId=6
2026-01-16 20:10:05 [http-nio-8003-exec-3] INFO  c.e.b.c.ReservationController - Nombre de réservations trouvées : 5
2026-01-16 20:13:15 [http-nio-8003-exec-5] INFO  c.e.b.controllers.AnnonceController - Récupération des top annonces
2026-01-16 20:13:15 [http-nio-8003-exec-6] INFO  c.e.b.controllers.AnnonceController - Récupération des villes disponibles
2026-01-16 20:13:15 [http-nio-8003-exec-6] INFO  c.e.b.s.i.AnnonceService - Récupération des villes disponibles
2026-01-16 20:13:15 [http-nio-8003-exec-5] INFO  c.e.b.s.i.AnnonceService - Récupération des Top Annonces
2026-01-16 20:13:15 [http-nio-8003-exec-6] INFO  c.e.b.controllers.AnnonceController - 1 villes trouvées
2026-01-16 20:13:15 [http-nio-8003-exec-5] INFO  c.e.b.controllers.AnnonceController - 3 top annonces récupérées
2026-01-16 20:13:15 [http-nio-8003-exec-7] INFO  c.e.b.c.FileUploadController - Récupération de l'image: b567ddfc-cef3-4c92-a681-90e266ac998a_1768480224376.jpeg
2026-01-16 20:13:15 [http-nio-8003-exec-8] INFO  c.e.b.c.FileUploadController - Récupération de l'image: c9ce76a7-560b-4734-bb7e-8b246d608007_1768480269948.jpg
2026-01-16 20:13:15 [http-nio-8003-exec-7] INFO  c.e.b.c.FileUploadController - Image servie avec succès: b567ddfc-cef3-4c92-a681-90e266ac998a_1768480224376.jpeg
2026-01-16 20:13:15 [http-nio-8003-exec-8] INFO  c.e.b.c.FileUploadController - Image servie avec succès: c9ce76a7-560b-4734-bb7e-8b246d608007_1768480269948.jpg
2026-01-16 20:13:15 [http-nio-8003-exec-9] INFO  c.e.b.c.FileUploadController - Récupération de l'image: ad4f3d71-07f1-4fdc-9fe0-87228bb2854d_1768471658191.jpeg
2026-01-16 20:13:15 [http-nio-8003-exec-9] INFO  c.e.b.c.FileUploadController - Image servie avec succès: ad4f3d71-07f1-4fdc-9fe0-87228bb2854d_1768471658191.jpeg
2026-01-16 20:17:33 [http-nio-8003-exec-4] INFO  c.e.b.controllers.AnnonceController - Récupération des top annonces
2026-01-16 20:17:33 [http-nio-8003-exec-6] INFO  c.e.b.controllers.AnnonceController - Récupération des villes disponibles
2026-01-16 20:17:33 [http-nio-8003-exec-4] INFO  c.e.b.s.i.AnnonceService - Récupération des Top Annonces
2026-01-16 20:17:33 [http-nio-8003-exec-6] INFO  c.e.b.s.i.AnnonceService - Récupération des villes disponibles
2026-01-16 20:17:33 [http-nio-8003-exec-6] INFO  c.e.b.controllers.AnnonceController - 1 villes trouvées
2026-01-16 20:17:33 [http-nio-8003-exec-4] INFO  c.e.b.controllers.AnnonceController - 3 top annonces récupérées
2026-01-16 20:17:33 [http-nio-8003-exec-5] INFO  c.e.b.c.FileUploadController - Récupération de l'image: b567ddfc-cef3-4c92-a681-90e266ac998a_1768480224376.jpeg
2026-01-16 20:17:33 [http-nio-8003-exec-5] INFO  c.e.b.c.FileUploadController - Image servie avec succès: b567ddfc-cef3-4c92-a681-90e266ac998a_1768480224376.jpeg
2026-01-16 20:17:33 [http-nio-8003-exec-7] INFO  c.e.b.c.FileUploadController - Récupération de l'image: c9ce76a7-560b-4734-bb7e-8b246d608007_1768480269948.jpg
2026-01-16 20:17:33 [http-nio-8003-exec-7] INFO  c.e.b.c.FileUploadController - Image servie avec succès: c9ce76a7-560b-4734-bb7e-8b246d608007_1768480269948.jpg
2026-01-16 20:17:33 [http-nio-8003-exec-8] INFO  c.e.b.c.FileUploadController - Récupération de l'image: ad4f3d71-07f1-4fdc-9fe0-87228bb2854d_1768471658191.jpeg
2026-01-16 20:17:33 [http-nio-8003-exec-8] INFO  c.e.b.c.FileUploadController - Image servie avec succès: ad4f3d71-07f1-4fdc-9fe0-87228bb2854d_1768471658191.jpeg
2026-01-16 20:18:04 [http-nio-8003-exec-2] INFO  c.e.b.controllers.AuthController - Tentative de login pour email=proprio@gmail.com
2026-01-16 20:18:04 [http-nio-8003-exec-2] INFO  c.e.b.s.implementations.AuthService - Tentative de connexion avec email=proprio@gmail.com
2026-01-16 20:18:04 [http-nio-8003-exec-2] INFO  c.e.b.s.implementations.AuthService - Connexion réussie userId=6 role=PROPRIETAIRE
2026-01-16 20:18:04 [http-nio-8003-exec-2] INFO  c.e.b.controllers.AuthController - Login réussi pour email=proprio@gmail.com
2026-01-16 20:18:04 [http-nio-8003-exec-3] INFO  c.e.b.c.ProprietaireController - Requête pour récupérer le propriétaire avec userId=6
2026-01-16 20:18:04 [http-nio-8003-exec-8] INFO  c.e.b.controllers.AnnonceController - Récupération des annonces du propriétaire ID=2
2026-01-16 20:18:04 [http-nio-8003-exec-8] INFO  c.e.b.s.i.AnnonceService - Récupération annonces pour Propriétaire ID: 2
2026-01-16 20:18:04 [http-nio-8003-exec-9] INFO  c.e.b.controllers.AvisController - Récupération des avis pour le propriétaire id=2
2026-01-16 20:18:04 [http-nio-8003-exec-9] INFO  c.e.b.s.implementations.AvisService - Récupération des avis pour le propriétaire (id=2)
2026-01-16 20:18:04 [http-nio-8003-exec-9] INFO  c.e.b.s.implementations.AvisService - Nombre d'avis trouvés pour le propriétaire 2 : 0
2026-01-16 20:18:04 [http-nio-8003-exec-8] INFO  c.e.b.s.i.AnnonceService - Nombre d'annonces trouvées pour ce propriétaire: 5
2026-01-16 20:18:04 [http-nio-8003-exec-8] INFO  c.e.b.controllers.AnnonceController - 5 annonces récupérées pour le propriétaire ID=2
